<?xml version="1.0" encoding="UTF-8"?>
<!-- Generated by org.testng.reporters.JUnitXMLReporter -->
<testsuite ignored="7" hostname="DESKTOP-U3S0M86" failures="0" tests="1" name="Default test" time="6.959" errors="0" timestamp="2023-02-02T19:27:57 IST">
  <testcase classname="test.LoginPageTest" name="validateLoginByGmail" time="2.025"/>
  <testcase classname="test.LoginPageTest" name="validateAccountLockedBtn" time="0.0">
    <ignored/>
  </testcase> <!-- validateAccountLockedBtn -->
  <testcase classname="test.LoginPageTest" name="validateLoginWithValidCre" time="0.0">
    <ignored/>
  </testcase> <!-- validateLoginWithValidCre -->
  <testcase classname="test.LoginPageTest" name="validateLoginHelp" time="0.0">
    <ignored/>
  </testcase> <!-- validateLoginHelp -->
  <testcase classname="test.LoginPageTest" name="validateLoginWithInvUNandPWD" time="0.0">
    <ignored/>
  </testcase> <!-- validateLoginWithInvUNandPWD -->
  <testcase classname="test.LoginPageTest" name="validateForgotPwd" time="0.0">
    <ignored/>
  </testcase> <!-- validateForgotPwd -->
  <testcase classname="test.LoginPageTest" name="validateLoginWithInvUn" time="0.0">
    <ignored/>
  </testcase> <!-- validateLoginWithInvUn -->
  <testcase classname="test.LoginPageTest" name="validateLoginWithInvPass" time="0.0">
    <ignored/>
  </testcase> <!-- validateLoginWithInvPass -->
</testsuite> <!-- Default test -->
