<?xml version="1.0" encoding="UTF-8"?>
<!-- Generated by org.testng.reporters.JUnitXMLReporter -->
<testsuite ignored="4" hostname="DESKTOP-7MK4EF7" failures="0" tests="1" name="Default test" time="25.367" errors="0" timestamp="2023-01-30T14:16:17 IST">
  <testcase classname="test.DashboardPageTest" name="export_n_branchcodemapping_button_test" time="8.555"/>
  <testcase classname="test.DashboardPageTest" name="compliance_tab_test" time="0.0">
    <ignored/>
  </testcase> <!-- compliance_tab_test -->
  <testcase classname="test.DashboardPageTest" name="upcoming_tab_test" time="0.0">
    <ignored/>
  </testcase> <!-- upcoming_tab_test -->
  <testcase classname="test.DashboardPageTest" name="clear_filter_button_test" time="0.0">
    <ignored/>
  </testcase> <!-- clear_filter_button_test -->
  <testcase classname="test.DashboardPageTest" name="upcomingtab_clear_filter_button_test" time="0.0">
    <ignored/>
  </testcase> <!-- upcomingtab_clear_filter_button_test -->
</testsuite> <!-- Default test -->
