<?xml version="1.0" encoding="UTF-8"?>
<!-- Generated by org.testng.reporters.JUnitXMLReporter -->
<testsuite ignored="0" hostname="DESKTOP-U3S0M86" failures="0" tests="5" name="Test" time="67.333" errors="0" timestamp="2023-02-04T15:07:03 IST">
  <testcase classname="test.LoginPageTest" name="validateLoginWithValidCre" time="31.279"/>
  <testcase classname="test.LoginPageTest" name="validateLoginWithInvPass" time="3.498"/>
  <testcase classname="test.LoginPageTest" name="validateLoginWithInvUn" time="3.383"/>
  <testcase classname="test.LoginPageTest" name="validateLoginWithInvUNandPWD" time="3.621"/>
  <testcase classname="test.LoginPageTest" name="validateLoginHelp" time="1.071"/>
</testsuite> <!-- Test -->
