<?xml version="1.0" encoding="UTF-8"?>
<!-- Generated by org.testng.reporters.JUnitXMLReporter -->
<testsuite ignored="8" hostname="DESKTOP-U3S0M86" failures="0" tests="4" name="Test" time="52.786" errors="0" timestamp="2023-01-23T19:56:02 IST">
  <testcase classname="test.LoginPageTest" name="validateLogin" time="7.545"/>
  <testcase classname="test.HomePageTest" name="validateUserBtn" time="4.19"/>
  <testcase classname="test.HomePageTest" name="validateCorporateBtn" time="4.421"/>
  <testcase classname="test.UserPageTest" name="validateDeleteBtn" time="4.014"/>
  <testcase classname="test.UserPageTest" name="validateEditBtn_withInvalidData" time="0.0">
    <ignored/>
  </testcase> <!-- validateEditBtn_withInvalidData -->
  <testcase classname="test.UserPageTest" name="validateDropDown" time="0.0">
    <ignored/>
  </testcase> <!-- validateDropDown -->
  <testcase classname="test.UserPageTest" name="validate_save_btn_with_blank_field" time="0.0">
    <ignored/>
  </testcase> <!-- validate_save_btn_with_blank_field -->
  <testcase classname="test.UserPageTest" name="validateEditBtn_withvalidData_and_Update" time="0.0">
    <ignored/>
  </testcase> <!-- validateEditBtn_withvalidData_and_Update -->
  <testcase classname="test.HomePageTest" name="validateLogoutTest" time="0.0">
    <ignored/>
  </testcase> <!-- validateLogoutTest -->
  <testcase classname="test.UserPageTest" name="validateSearchBarClrBtn" time="0.0">
    <ignored/>
  </testcase> <!-- validateSearchBarClrBtn -->
  <testcase classname="test.UserPageTest" name="validateResetPwd" time="0.0">
    <ignored/>
  </testcase> <!-- validateResetPwd -->
  <testcase classname="test.UserPageTest" name="validate_save_btn_with_2_mandetory_field" time="0.0">
    <ignored/>
  </testcase> <!-- validate_save_btn_with_2_mandetory_field -->
</testsuite> <!-- Test -->
