<?xml version="1.0" encoding="UTF-8"?>
<!-- Generated by org.testng.reporters.JUnitXMLReporter -->
<testsuite ignored="10" hostname="DESKTOP-U3S0M86" failures="0" tests="1" name="Test(failed)" time="24.137" errors="0" timestamp="2023-02-02T12:49:03 IST">
  <testcase classname="test.UserPageTest" name="validatePagination" time="10.7"/>
  <testcase classname="test.UserPageTest" name="validateSearchBarClrBtn" time="0.0">
    <ignored/>
  </testcase> <!-- validateSearchBarClrBtn -->
  <testcase classname="test.UserPageTest" name="validateDeleteBtn" time="0.0">
    <ignored/>
  </testcase> <!-- validateDeleteBtn -->
  <testcase classname="test.UserPageTest" name="validate_save_btn_with_blank_field" time="0.0">
    <ignored/>
  </testcase> <!-- validate_save_btn_with_blank_field -->
  <testcase classname="test.UserPageTest" name="validateEditBtn_withvalidData_and_Update" time="0.0">
    <ignored/>
  </testcase> <!-- validateEditBtn_withvalidData_and_Update -->
  <testcase classname="test.UserPageTest" name="validateDropDown" time="0.0">
    <ignored/>
  </testcase> <!-- validateDropDown -->
  <testcase classname="test.UserPageTest" name="validateDeleteBtn_Cancel" time="0.0">
    <ignored/>
  </testcase> <!-- validateDeleteBtn_Cancel -->
  <testcase classname="test.UserPageTest" name="validateEditBtn_withInvalidData" time="0.0">
    <ignored/>
  </testcase> <!-- validateEditBtn_withInvalidData -->
  <testcase classname="test.UserPageTest" name="validateBackBtn" time="0.0">
    <ignored/>
  </testcase> <!-- validateBackBtn -->
  <testcase classname="test.UserPageTest" name="validateResetPwd" time="0.0">
    <ignored/>
  </testcase> <!-- validateResetPwd -->
  <testcase classname="test.UserPageTest" name="validate_save_btn_with_2_mandetory_field" time="0.0">
    <ignored/>
  </testcase> <!-- validate_save_btn_with_2_mandetory_field -->
</testsuite> <!-- Test(failed) -->
