<?xml version="1.0" encoding="UTF-8"?>
<!-- Generated by org.testng.reporters.JUnitXMLReporter -->
<testsuite ignored="21" hostname="DESKTOP-U3S0M86" failures="0" tests="2" name="Test(failed)" time="37.771" errors="0" timestamp="2023-02-02T13:07:46 IST">
  <testcase classname="test.UserPageTest" name="validatePagination" time="9.139"/>
  <testcase classname="test.CorporatePageTest" name="validatePagination" time="7.484"/>
  <testcase classname="test.CorporatePageTest" name="validateCustumerNameDD" time="0.0">
    <ignored/>
  </testcase> <!-- validateCustumerNameDD -->
  <testcase classname="test.UserPageTest" name="validateEditBtn_withInvalidData" time="0.0">
    <ignored/>
  </testcase> <!-- validateEditBtn_withInvalidData -->
  <testcase classname="test.CorporatePageTest" name="validateEditBtn_ValidData" time="0.0">
    <ignored/>
  </testcase> <!-- validateEditBtn_ValidData -->
  <testcase classname="test.UserPageTest" name="validate_save_btn_with_2_mandetory_field" time="0.0">
    <ignored/>
  </testcase> <!-- validate_save_btn_with_2_mandetory_field -->
  <testcase classname="test.CorporatePageTest" name="validateBackBtn" time="0.0">
    <ignored/>
  </testcase> <!-- validateBackBtn -->
  <testcase classname="test.CorporatePageTest" name="validateEntityTab_click" time="0.0">
    <ignored/>
  </testcase> <!-- validateEntityTab_click -->
  <testcase classname="test.CorporatePageTest" name="validateSavebtnWith2MandField" time="0.0">
    <ignored/>
  </testcase> <!-- validateSavebtnWith2MandField -->
  <testcase classname="test.CorporatePageTest" name="validateCustDeleteButton_Cancel" time="0.0">
    <ignored/>
  </testcase> <!-- validateCustDeleteButton_Cancel -->
  <testcase classname="test.UserPageTest" name="validateDropDown" time="0.0">
    <ignored/>
  </testcase> <!-- validateDropDown -->
  <testcase classname="test.UserPageTest" name="validateDeleteBtn_Cancel" time="0.0">
    <ignored/>
  </testcase> <!-- validateDeleteBtn_Cancel -->
  <testcase classname="test.UserPageTest" name="validateEditBtn_withvalidData_and_Update" time="0.0">
    <ignored/>
  </testcase> <!-- validateEditBtn_withvalidData_and_Update -->
  <testcase classname="test.UserPageTest" name="validate_save_btn_with_blank_field" time="0.0">
    <ignored/>
  </testcase> <!-- validate_save_btn_with_blank_field -->
  <testcase classname="test.UserPageTest" name="validateDeleteBtn" time="0.0">
    <ignored/>
  </testcase> <!-- validateDeleteBtn -->
  <testcase classname="test.CorporatePageTest" name="validateViewEntityButton" time="0.0">
    <ignored/>
  </testcase> <!-- validateViewEntityButton -->
  <testcase classname="test.UserPageTest" name="validateResetPwd" time="0.0">
    <ignored/>
  </testcase> <!-- validateResetPwd -->
  <testcase classname="test.CorporatePageTest" name="validateCustDeleteButton_OK" time="0.0">
    <ignored/>
  </testcase> <!-- validateCustDeleteButton_OK -->
  <testcase classname="test.CorporatePageTest" name="validateAllField" time="0.0">
    <ignored/>
  </testcase> <!-- validateAllField -->
  <testcase classname="test.CorporatePageTest" name="validateEditBtn_InvalidData" time="0.0">
    <ignored/>
  </testcase> <!-- validateEditBtn_InvalidData -->
  <testcase classname="test.UserPageTest" name="validateBackBtn" time="0.0">
    <ignored/>
  </testcase> <!-- validateBackBtn -->
  <testcase classname="test.CorporatePageTest" name="validateCustClearButton" time="0.0">
    <ignored/>
  </testcase> <!-- validateCustClearButton -->
  <testcase classname="test.UserPageTest" name="validateSearchBarClrBtn" time="0.0">
    <ignored/>
  </testcase> <!-- validateSearchBarClrBtn -->
</testsuite> <!-- Test(failed) -->
