<?xml version="1.0" encoding="UTF-8"?>
<!-- Generated by org.testng.reporters.JUnitXMLReporter -->
<testsuite ignored="10" hostname="DESKTOP-U3S0M86" failures="0" tests="1" name="Test(failed)(failed)(failed)(failed)" time="13.889" errors="0" timestamp="2023-02-02T12:39:04 IST">
  <testcase classname="test.CorporatePageTest" name="validateViewEntityButton" time="1.959"/>
  <testcase classname="test.CorporatePageTest" name="validateBackBtn" time="0.0">
    <ignored/>
  </testcase> <!-- validateBackBtn -->
  <testcase classname="test.CorporatePageTest" name="validateCustumerNameDD" time="0.0">
    <ignored/>
  </testcase> <!-- validateCustumerNameDD -->
  <testcase classname="test.CorporatePageTest" name="validateEditBtn_InvalidData" time="0.0">
    <ignored/>
  </testcase> <!-- validateEditBtn_InvalidData -->
  <testcase classname="test.CorporatePageTest" name="validateAllField" time="0.0">
    <ignored/>
  </testcase> <!-- validateAllField -->
  <testcase classname="test.CorporatePageTest" name="validateCustDeleteButton_OK" time="0.0">
    <ignored/>
  </testcase> <!-- validateCustDeleteButton_OK -->
  <testcase classname="test.CorporatePageTest" name="validateEditBtn_ValidData" time="0.0">
    <ignored/>
  </testcase> <!-- validateEditBtn_ValidData -->
  <testcase classname="test.CorporatePageTest" name="validateSavebtnWith2MandField" time="0.0">
    <ignored/>
  </testcase> <!-- validateSavebtnWith2MandField -->
  <testcase classname="test.CorporatePageTest" name="validateCustClearButton" time="0.0">
    <ignored/>
  </testcase> <!-- validateCustClearButton -->
  <testcase classname="test.CorporatePageTest" name="validatePagination" time="0.0">
    <ignored/>
  </testcase> <!-- validatePagination -->
  <testcase classname="test.CorporatePageTest" name="validateCustDeleteButton_Cancel" time="0.0">
    <ignored/>
  </testcase> <!-- validateCustDeleteButton_Cancel -->
</testsuite> <!-- Test(failed)(failed)(failed)(failed) -->
