<?xml version="1.0" encoding="UTF-8"?>
<testng-results ignored="0" total="5" passed="5" failed="0" skipped="0">
  <reporter-output>
  </reporter-output>
  <suite started-at="2023-02-04T15:05:56 IST" name="Suite" finished-at="2023-02-04T15:07:03 IST" duration-ms="67333">
    <groups>
    </groups>
    <test started-at="2023-02-04T15:05:56 IST" name="Test" finished-at="2023-02-04T15:07:03 IST" duration-ms="67333">
      <class name="test.LoginPageTest">
        <test-method is-config="true" signature="setup()[pri:0, instance:test.LoginPageTest@1a942c18]" started-at="2023-02-04T15:05:56 IST" name="setup" finished-at="2023-02-04T15:06:07 IST" duration-ms="10818" status="PASS">
          <reporter-output>
          </reporter-output>
        </test-method> <!-- setup -->
        <test-method signature="validateLoginWithValidCre()[pri:1, instance:test.LoginPageTest@1a942c18]" started-at="2023-02-04T15:06:07 IST" name="validateLoginWithValidCre" finished-at="2023-02-04T15:06:38 IST" duration-ms="31279" status="PASS">
          <reporter-output>
          </reporter-output>
        </test-method> <!-- validateLoginWithValidCre -->
        <test-method is-config="true" signature="closeResources()[pri:0, instance:test.LoginPageTest@1a942c18]" started-at="2023-02-04T15:06:38 IST" name="closeResources" finished-at="2023-02-04T15:06:38 IST" duration-ms="277" status="PASS">
          <reporter-output>
          </reporter-output>
        </test-method> <!-- closeResources -->
        <test-method is-config="true" signature="setup()[pri:0, instance:test.LoginPageTest@1a942c18]" started-at="2023-02-04T15:06:38 IST" name="setup" finished-at="2023-02-04T15:06:41 IST" duration-ms="2742" status="PASS">
          <reporter-output>
          </reporter-output>
        </test-method> <!-- setup -->
        <test-method signature="validateLoginWithInvPass()[pri:2, instance:test.LoginPageTest@1a942c18]" started-at="2023-02-04T15:06:41 IST" name="validateLoginWithInvPass" finished-at="2023-02-04T15:06:45 IST" duration-ms="3498" status="PASS">
          <reporter-output>
          </reporter-output>
        </test-method> <!-- validateLoginWithInvPass -->
        <test-method is-config="true" signature="closeResources()[pri:0, instance:test.LoginPageTest@1a942c18]" started-at="2023-02-04T15:06:45 IST" name="closeResources" finished-at="2023-02-04T15:06:46 IST" duration-ms="1100" status="PASS">
          <reporter-output>
          </reporter-output>
        </test-method> <!-- closeResources -->
        <test-method is-config="true" signature="setup()[pri:0, instance:test.LoginPageTest@1a942c18]" started-at="2023-02-04T15:06:46 IST" name="setup" finished-at="2023-02-04T15:06:48 IST" duration-ms="2657" status="PASS">
          <reporter-output>
          </reporter-output>
        </test-method> <!-- setup -->
        <test-method signature="validateLoginWithInvUn()[pri:3, instance:test.LoginPageTest@1a942c18]" started-at="2023-02-04T15:06:48 IST" name="validateLoginWithInvUn" finished-at="2023-02-04T15:06:52 IST" duration-ms="3383" status="PASS">
          <reporter-output>
          </reporter-output>
        </test-method> <!-- validateLoginWithInvUn -->
        <test-method is-config="true" signature="closeResources()[pri:0, instance:test.LoginPageTest@1a942c18]" started-at="2023-02-04T15:06:52 IST" name="closeResources" finished-at="2023-02-04T15:06:52 IST" duration-ms="404" status="PASS">
          <reporter-output>
          </reporter-output>
        </test-method> <!-- closeResources -->
        <test-method is-config="true" signature="setup()[pri:0, instance:test.LoginPageTest@1a942c18]" started-at="2023-02-04T15:06:52 IST" name="setup" finished-at="2023-02-04T15:06:55 IST" duration-ms="2601" status="PASS">
          <reporter-output>
          </reporter-output>
        </test-method> <!-- setup -->
        <test-method signature="validateLoginWithInvUNandPWD()[pri:4, instance:test.LoginPageTest@1a942c18]" started-at="2023-02-04T15:06:55 IST" name="validateLoginWithInvUNandPWD" finished-at="2023-02-04T15:06:58 IST" duration-ms="3621" status="PASS">
          <reporter-output>
          </reporter-output>
        </test-method> <!-- validateLoginWithInvUNandPWD -->
        <test-method is-config="true" signature="closeResources()[pri:0, instance:test.LoginPageTest@1a942c18]" started-at="2023-02-04T15:06:58 IST" name="closeResources" finished-at="2023-02-04T15:06:59 IST" duration-ms="261" status="PASS">
          <reporter-output>
          </reporter-output>
        </test-method> <!-- closeResources -->
        <test-method is-config="true" signature="setup()[pri:0, instance:test.LoginPageTest@1a942c18]" started-at="2023-02-04T15:06:59 IST" name="setup" finished-at="2023-02-04T15:07:02 IST" duration-ms="3167" status="PASS">
          <reporter-output>
          </reporter-output>
        </test-method> <!-- setup -->
        <test-method signature="validateLoginHelp()[pri:9, instance:test.LoginPageTest@1a942c18]" started-at="2023-02-04T15:07:02 IST" name="validateLoginHelp" finished-at="2023-02-04T15:07:03 IST" duration-ms="1071" status="PASS">
          <reporter-output>
          </reporter-output>
        </test-method> <!-- validateLoginHelp -->
        <test-method is-config="true" signature="closeResources()[pri:0, instance:test.LoginPageTest@1a942c18]" started-at="2023-02-04T15:07:03 IST" name="closeResources" finished-at="2023-02-04T15:07:03 IST" duration-ms="348" status="PASS">
          <reporter-output>
          </reporter-output>
        </test-method> <!-- closeResources -->
      </class> <!-- test.LoginPageTest -->
    </test> <!-- Test -->
  </suite> <!-- Suite -->
</testng-results>
